<?xml version="1.0" encoding="UTF-8"?>
<!-- Generated by org.testng.reporters.JUnitXMLReporter -->
<testsuite ignored="5" hostname="ASHWIN" failures="1" tests="1" name="Default test(failed)" time="13.335" errors="0" timestamp="2023-08-17T12:00:45 IST">
  <testcase classname="tests.LoginTest" name="loginWithoutData" time="10.108">
    <failure type="java.lang.NullPointerException" message="Cannot invoke &amp;quot;org.openqa.selenium.WebElement.isDisplayed()&amp;quot; because &amp;quot;element&amp;quot; is null">
      <![CDATA[java.lang.NullPointerException: Cannot invoke "org.openqa.selenium.WebElement.isDisplayed()" because "element" is null
at org.openqa.selenium.support.ui.ExpectedConditions$9.apply(ExpectedConditions.java:264)
at org.openqa.selenium.support.ui.ExpectedConditions$9.apply(ExpectedConditions.java:260)
at org.openqa.selenium.support.ui.FluentWait.until(FluentWait.java:205)
at tests.LoginTest.loginWithoutData(LoginTest.java:44)
at java.base/java.util.ArrayList.forEach(ArrayList.java:1511)
... Removed 25 stack frames]]>
    </failure>
  </testcase> <!-- loginWithoutData -->
  <testcase classname="tests.LoginTest" name="loginwithoutRememberMe" time="0.0">
    <ignored/>
  </testcase> <!-- loginwithoutRememberMe -->
  <testcase classname="tests.LoginTest" name="loginWithRememberMe" time="0.0">
    <ignored/>
  </testcase> <!-- loginWithRememberMe -->
  <testcase classname="tests.LoginTest" name="loginWithoutUsername" time="0.0">
    <ignored/>
  </testcase> <!-- loginWithoutUsername -->
  <testcase classname="tests.LoginTest" name="loginWithoutPassword" time="0.0">
    <ignored/>
  </testcase> <!-- loginWithoutPassword -->
  <testcase classname="tests.LoginTest" name="incorrectDetails" time="0.0">
    <ignored/>
  </testcase> <!-- incorrectDetails -->
</testsuite> <!-- Default test(failed) -->
