<?xml version="1.0" encoding="UTF-8"?>
<!-- Generated by org.testng.reporters.JUnitXMLReporter -->
<testsuite ignored="0" hostname="ASHWIN" failures="0" tests="7" name="Default test" time="420.112" errors="0" timestamp="2023-10-10T19:27:03 IST">
  <testcase classname="tests.BrokenLinks" name="verifyBrokenLinkLoginPage" time="33.843"/>
  <testcase classname="tests.BrokenLinks" name="verifyBrokenLinkHomePage" time="14.092"/>
  <testcase classname="tests.BrokenLinks" name="verifyBrokenLinkPatientpage" time="129.026"/>
  <testcase classname="tests.BrokenLinks" name="verifyBrokenLinkAppointmentsCalenderpage" time="9.775"/>
  <testcase classname="tests.BrokenLinks" name="verifyBrokenLinkPrescriptionpage" time="111.364"/>
  <testcase classname="tests.BrokenLinks" name="verifyBrokenLinkBillingpage" time="111.644"/>
  <testcase classname="tests.BrokenLinks" name="verifyBrokenLinkReportspage" time="7.527"/>
</testsuite> <!-- Default test -->
