<?xml version="1.0" encoding="UTF-8"?>
<!-- Generated by org.testng.reporters.JUnitXMLReporter -->
<testsuite ignored="0" hostname="ASHWIN" failures="1" tests="75" name="Test" time="636.071" errors="0" timestamp="2023-08-28T14:47:55 IST">
  <testcase classname="tests.RegistrationTest" name="withoutMandatoryAllField" time="4.185"/>
  <testcase classname="tests.RegistrationTest" name="Registration" time="3.819"/>
  <testcase classname="tests.RegistrationTest" name="registerWithExistingDataAgain" time="4.303"/>
  <testcase classname="tests.RegistrationTest" name="withoutConfirmUsernameField" time="2.878"/>
  <testcase classname="tests.RegistrationTest" name="invalidConfirmUsernameField" time="3.743"/>
  <testcase classname="tests.RegistrationTest" name="withoutAgreeTermCheckBox" time="2.775"/>
  <testcase classname="tests.RegistrationTest" name="withClickHelp" time="10.246"/>
  <testcase classname="tests.RegistrationTest" name="alreadyAnUser" time="1.537"/>
  <testcase classname="tests.ForgetPasswordTest" name="forgotpassword" time="1.78"/>
  <testcase classname="tests.ForgetPasswordTest" name="BackLoginPage" time="2.76"/>
  <testcase classname="tests.HomePageTest" name="checkTitle" time="10.894"/>
  <testcase classname="tests.HomePageAppointmentTest" name="addAppointmentWithoutData" time="1.486"/>
  <testcase classname="tests.HomePageAppointmentTest" name="clickingPlusSign" time="0.154"/>
  <testcase classname="tests.HomePageAppointmentTest" name="addAppointmentWithoutVisitReason" time="1.716"/>
  <testcase classname="tests.HomePageAppointmentTest" name="addAppointment" time="4.736"/>
  <testcase classname="tests.HomePageAppointmentTest" name="addAppointmentwithoutContactNo" time="4.568"/>
  <testcase classname="tests.HomePageAppointmentTest" name="EditExistingAppointment" time="5.877"/>
  <testcase classname="tests.HomePageAppointmentTest" name="ClickSMSReminder" time="5.291"/>
  <testcase classname="tests.HomePageAppointmentTest" name="ClickAgainSMSReminder" time="5.153"/>
  <testcase classname="tests.HomePageAppointmentTest" name="CancelAppointment" time="4.658"/>
  <testcase classname="tests.ToDoListTest" name="Todolist" time="8.962"/>
  <testcase classname="tests.ToDoListTest" name="CompletedTask" time="4.076"/>
  <testcase classname="tests.ToDoListTest" name="withoutTaskDetails" time="5.861"/>
  <testcase classname="tests.ToDoListTest" name="withoutDueDate" time="6.304"/>
  <testcase classname="tests.ToDoListTest" name="viewCompletedTask" time="13.167"/>
  <testcase classname="tests.ToDoListTest" name="viewOpenTask" time="1.159"/>
  <testcase classname="tests.ToDoListTest" name="deleteTask" time="12.579">
    <failure type="java.lang.NullPointerException" message="Cannot invoke &amp;quot;org.openqa.selenium.WebElement.getText()&amp;quot; because the return value of &amp;quot;genericPages.CommonMethod.getWebElement(String)&amp;quot; is null">
      <![CDATA[java.lang.NullPointerException: Cannot invoke "org.openqa.selenium.WebElement.getText()" because the return value of "genericPages.CommonMethod.getWebElement(String)" is null
at genericPages.CommonMethod.verifyElementPresent(CommonMethod.java:271)
at pages.ToDoList.verifyNotification(ToDoList.java:70)
at tests.ToDoListTest.deleteTask(ToDoListTest.java:167)
at java.base/java.util.ArrayList.forEach(ArrayList.java:1511)
... Removed 25 stack frames]]>
    </failure>
  </testcase> <!-- deleteTask -->
  <testcase classname="tests.AddPatientTest" name="withoutMandatoryAllData" time="6.253"/>
  <testcase classname="tests.AddPatientTest" name="AddPatient" time="19.474"/>
  <testcase classname="tests.AddPatientTest" name="resetPatientData" time="1.188"/>
  <testcase classname="tests.AddPatientTest" name="nameWithSpecialCharacter" time="5.018"/>
  <testcase classname="tests.AddPatientTest" name="withIncorrectPhoneNo" time="2.791"/>
  <testcase classname="tests.AddPatientTest" name="sameContactNoInEmergencyField" time="17.258"/>
  <testcase classname="tests.PatientVisitTest" name="addNewPatientData" time="1.45"/>
  <testcase classname="tests.PatientVisitTest" name="patientVisitWithPrimaryComplaintUpload" time="11.735"/>
  <testcase classname="tests.PatientVisitTest" name="deleteFile" time="2.664"/>
  <testcase classname="tests.PatientVisitTest" name="savePatientVisit" time="6.407"/>
  <testcase classname="tests.PatientVisitTest" name="patientVisitWithoutPrimaryComplaint" time="7.656"/>
  <testcase classname="tests.PatientVisitTest" name="cancelSymptoms" time="8.872"/>
  <testcase classname="tests.PatientVisitTest" name="cancelInvstigations" time="4.332"/>
  <testcase classname="tests.PatientVisitTest" name="followup" time="13.097"/>
  <testcase classname="tests.ViewOrEditTest" name="deleteList" time="6.417"/>
  <testcase classname="tests.ViewOrEditTest" name="updateContactField" time="7.481"/>
  <testcase classname="tests.ViewOrEditTest" name="withoutAddressField" time="4.012"/>
  <testcase classname="tests.ViewOrEditTest" name="withoutMandatoryData" time="12.394"/>
  <testcase classname="tests.ViewOrEditTest" name="cancelEdit" time="0.099"/>
  <testcase classname="tests.AppointmentsCalenderTest" name="AddAppointmentsCalender" time="7.364"/>
  <testcase classname="tests.AppointmentsCalenderTest" name="AddAppointmentWithoutName" time="4.742"/>
  <testcase classname="tests.AppointmentsCalenderTest" name="AddAppointmentWithoutVisitReason" time="5.091"/>
  <testcase classname="tests.AppointmentsCalenderTest" name="addPatientWithoutContactNo" time="5.473"/>
  <testcase classname="tests.AppointmentsCalenderTest" name="updateWithInvaliedData" time="6.981"/>
  <testcase classname="tests.AppointmentsCalenderTest" name="updateAppointmentWithValidData" time="6.74"/>
  <testcase classname="tests.AppointmentsCalenderTest" name="existingAppointmentInMonth" time="10.77"/>
  <testcase classname="tests.AppointmentsCalenderTest" name="existingAppointmentInWeek" time="8.826"/>
  <testcase classname="tests.AppointmentsCalenderTest" name="existingAppointmentInDay" time="4.251"/>
  <testcase classname="tests.AppointmentsCalenderTest" name="agenda" time="1.911"/>
  <testcase classname="tests.AddPrescriptionTest" name="withoutAddingMedicineField" time="6.196"/>
  <testcase classname="tests.AddPrescriptionTest" name="addPrescription" time="8.217"/>
  <testcase classname="tests.AddPrescriptionTest" name="printPrescription" time="2.181"/>
  <testcase classname="tests.AddPrescriptionTest" name="downloadPrescriptionAgain" time="2.389"/>
  <testcase classname="tests.AddPrescriptionTest" name="clickingBack" time="5.585"/>
  <testcase classname="tests.AddPrescriptionTest" name="cancelAddedMedicineField" time="31.938"/>
  <testcase classname="tests.AddPrescriptionTest" name="withInvaliedMedicineField" time="6.522"/>
  <testcase classname="tests.ViewPrescriptionTest" name="viewPrescription" time="5.158"/>
  <testcase classname="tests.ViewPrescriptionTest" name="patientDetails" time="1.384"/>
  <testcase classname="tests.AddBillTest" name="saveAndprintBill" time="24.302"/>
  <testcase classname="tests.AddBillTest" name="printWithoutAddingBillingItem" time="3.454"/>
  <testcase classname="tests.AddBillTest" name="addingIncorrectBillItemDetails" time="17.07"/>
  <testcase classname="tests.AddBillTest" name="printBill" time="6.387"/>
  <testcase classname="tests.AddBillTest" name="downloadBill" time="5.875"/>
  <testcase classname="tests.ViewBillTest" name="viewBill" time="32.856"/>
  <testcase classname="tests.ReportsTest" name="PatientsTab" time="11.195"/>
  <testcase classname="tests.ReportsTest" name="AddPatient" time="20.785"/>
  <testcase classname="tests.ReportsTest" name="dateView" time="1.488"/>
  <testcase classname="tests.ReportsTest" name="cancel" time="2.467"/>
</testsuite> <!-- Test -->
