<?xml version="1.0" encoding="UTF-8"?>
<!-- Generated by org.testng.reporters.JUnitXMLReporter -->
<testsuite ignored="30" hostname="ASHWIN" failures="1" tests="89" name="Test" time="839.729" errors="0" timestamp="2023-09-06T10:07:12 IST">
  <testcase classname="tests.RegistrationTest" name="withoutMandatoryAllField" time="4.104"/>
  <testcase classname="tests.RegistrationTest" name="Registration" time="4.57"/>
  <testcase classname="tests.RegistrationTest" name="registerWithExistingDataAgain" time="4.401"/>
  <testcase classname="tests.RegistrationTest" name="withoutConfirmUsernameField" time="2.71"/>
  <testcase classname="tests.RegistrationTest" name="invalidConfirmUsernameField" time="3.87"/>
  <testcase classname="tests.RegistrationTest" name="withoutAgreeTermCheckBox" time="21.672">
    <failure type="java.lang.NullPointerException" message="Cannot invoke &amp;quot;org.openqa.selenium.WebElement.getText()&amp;quot; because the return value of &amp;quot;genericPages.CommonMethod.getWebElement(String)&amp;quot; is null">
      <![CDATA[java.lang.NullPointerException: Cannot invoke "org.openqa.selenium.WebElement.getText()" because the return value of "genericPages.CommonMethod.getWebElement(String)" is null
at genericPages.CommonMethod.verifyElementPresent(CommonMethod.java:304)
at pages.RegistrationPage.AgreeTermsErrorMsg(RegistrationPage.java:67)
at tests.RegistrationTest.withoutAgreeTermCheckBox(RegistrationTest.java:131)
at java.base/java.util.ArrayList.forEach(ArrayList.java:1511)
... Removed 25 stack frames]]>
    </failure>
  </testcase> <!-- withoutAgreeTermCheckBox -->
  <testcase classname="tests.RegistrationTest" name="withClickHelp" time="1.348"/>
  <testcase classname="tests.RegistrationTest" name="alreadyAnUser" time="1.659"/>
  <testcase classname="tests.ForgetPasswordTest" name="forgotpassword" time="1.774"/>
  <testcase classname="tests.ForgetPasswordTest" name="BackLoginPage" time="2.656"/>
  <testcase classname="tests.HomePageTest" name="checkTitle" time="10.995"/>
  <testcase classname="tests.LoginTest" name="loginWithoutData" time="1.186"/>
  <testcase classname="tests.LoginTest" name="loginWithoutPassword" time="2.233"/>
  <testcase classname="tests.LoginTest" name="loginWithInvaliedPassword" time="4.301"/>
  <testcase classname="tests.LoginTest" name="incorrectDetails" time="6.6"/>
  <testcase classname="tests.LoginTest" name="loginwithoutRememberMe" time="8.837"/>
  <testcase classname="tests.LoginTest" name="loginWithRememberMe" time="5.027"/>
  <testcase classname="tests.LoginTestDDT" name="login" time="9.294"/>
  <testcase classname="tests.LoginTestDDT" name="login" time="5.372"/>
  <testcase classname="tests.LoginTestDDT" name="login" time="5.428"/>
  <testcase classname="tests.LoginTestDDT" name="login" time="5.358"/>
  <testcase classname="tests.HomePageAppointmentTest" name="addAppointmentWithoutData" time="1.422"/>
  <testcase classname="tests.HomePageAppointmentTest" name="clickingPlusSign" time="0.257"/>
  <testcase classname="tests.HomePageAppointmentTest" name="addAppointmentWithoutVisitReason" time="1.796"/>
  <testcase classname="tests.HomePageAppointmentTest" name="addAppointment" time="5.044"/>
  <testcase classname="tests.HomePageAppointmentTest" name="addAppointmentwithoutContactNo" time="4.499"/>
  <testcase classname="tests.HomePageAppointmentTest" name="EditExistingAppointment" time="6.725"/>
  <testcase classname="tests.HomePageAppointmentTest" name="ClickSMSReminder" time="4.807"/>
  <testcase classname="tests.HomePageAppointmentTest" name="ClickAgainSMSReminder" time="4.73"/>
  <testcase classname="tests.HomePageAppointmentTest" name="CancelAppointment" time="4.422"/>
  <testcase classname="tests.ToDoListTest" name="Todolist" time="17.019"/>
  <testcase classname="tests.ToDoListTest" name="withoutTaskDetails" time="5.732"/>
  <testcase classname="tests.ToDoListTest" name="withoutDueDate" time="7.216"/>
  <testcase classname="tests.ToDoListTest" name="CompletedTask" time="4.318"/>
  <testcase classname="tests.ToDoListTest" name="viewCompletedTask" time="1.324"/>
  <testcase classname="tests.ToDoListTest" name="viewOpenTask" time="1.137"/>
  <testcase classname="tests.ToDoListTest" name="deleteTask" time="3.282"/>
  <testcase classname="tests.AddPatientTest" name="withoutMandatoryAllData" time="7.276"/>
  <testcase classname="tests.AddPatientTest" name="AddPatient" time="24.735"/>
  <testcase classname="tests.AddPatientTest" name="resetPatientWithData" time="1.221"/>
  <testcase classname="tests.AddPatientTest" name="resetPatientWithoutData" time="4.929"/>
  <testcase classname="tests.AddPatientTest" name="nameWithSpecialCharacter" time="4.795"/>
  <testcase classname="tests.AddPatientTest" name="withIncorrectPhoneNo" time="7.75"/>
  <testcase classname="tests.AddPatientTest" name="sameContactNoInEmergencyField" time="23.998"/>
  <testcase classname="tests.PatientVisitTest" name="addNewPatientData" time="1.485"/>
  <testcase classname="tests.PatientVisitTest" name="patientVisitWithPrimaryComplaintUpload" time="16.568"/>
  <testcase classname="tests.PatientVisitTest" name="deleteFile" time="3.978"/>
  <testcase classname="tests.PatientVisitTest" name="savePatientVisit" time="6.119"/>
  <testcase classname="tests.PatientVisitTest" name="patientVisitWithoutPrimaryComplaint" time="8.399"/>
  <testcase classname="tests.PatientVisitTest" name="cancelSymptoms" time="12.432"/>
  <testcase classname="tests.PatientVisitTest" name="cancelInvstigations" time="7.036"/>
  <testcase classname="tests.PatientVisitTest" name="followup" time="40.705"/>
  <testcase classname="tests.ViewOrEditTest" name="deleteList" time="7.697"/>
  <testcase classname="tests.ViewOrEditTest" name="updateContactField" time="7.642"/>
  <testcase classname="tests.ViewOrEditTest" name="withoutAddressField" time="3.417"/>
  <testcase classname="tests.ViewOrEditTest" name="withoutMandatoryData" time="7.252"/>
  <testcase classname="tests.ViewOrEditTest" name="cancelEdit" time="1.174"/>
  <testcase classname="tests.AppointmentsCalenderTest" name="AddAppointmentsCalender" time="7.228"/>
  <testcase classname="tests.AppointmentsCalenderTest" name="AddAppointmentWithoutName" time="14.693"/>
  <testcase classname="tests.AppointmentsCalenderTest" name="AddAppointmentWithoutVisitReason" time="15.186"/>
  <testcase classname="tests.AppointmentsCalenderTest" name="addPatientWithoutContactNo" time="15.65"/>
  <testcase classname="tests.AppointmentsCalenderTest" name="updateWithInvaliedData" time="6.859"/>
  <testcase classname="tests.AppointmentsCalenderTest" name="updateAppointmentWithValidData" time="6.517"/>
  <testcase classname="tests.AppointmentsCalenderTest" name="existingAppointmentInMonth" time="21.63"/>
  <testcase classname="tests.AppointmentsCalenderTest" name="existingAppointmentInWeek" time="19.122"/>
  <testcase classname="tests.AppointmentsCalenderTest" name="existingAppointmentInDay" time="27.389"/>
  <testcase classname="tests.AppointmentsCalenderTest" name="agenda" time="14.179"/>
  <testcase classname="tests.AddPrescriptionTest" name="withoutAddingMedicineField" time="7.145"/>
  <testcase classname="tests.AddPrescriptionTest" name="addPrescription" time="8.362"/>
  <testcase classname="tests.AddPrescriptionTest" name="printPrescription" time="2.179"/>
  <testcase classname="tests.AddPrescriptionTest" name="downloadPrescriptionAgain" time="2.61"/>
  <testcase classname="tests.AddPrescriptionTest" name="clickingBack" time="5.49"/>
  <testcase classname="tests.AddPrescriptionTest" name="cancelAddedMedicineField" time="31.83"/>
  <testcase classname="tests.AddPrescriptionTest" name="withInvaliedMedicineField" time="7.855"/>
  <testcase classname="tests.ViewPrescriptionTest" name="viewPrescription" time="5.16"/>
  <testcase classname="tests.ViewPrescriptionTest" name="patientDetails" time="1.392"/>
  <testcase classname="tests.AddBillTest" name="saveAndprintBill" time="18.905"/>
  <testcase classname="tests.AddBillTest" name="clickResetBtn" time="3.883"/>
  <testcase classname="tests.AddBillTest" name="printWithoutAddingBillingItem" time="18.216"/>
  <testcase classname="tests.AddBillTest" name="addingIncorrectBillItemDetails" time="17.176"/>
  <testcase classname="tests.AddBillTest" name="printBill" time="8.397"/>
  <testcase classname="tests.AddBillTest" name="downloadBill" time="5.631"/>
  <testcase classname="tests.ViewBillTest" name="viewBill" time="3.778"/>
  <testcase classname="tests.ViewBillTest" name="printBill" time="2.166"/>
  <testcase classname="tests.ViewBillTest" name="downloadBill" time="3.711"/>
  <testcase classname="tests.ReportsTest" name="PatientsTab" time="11.373"/>
  <testcase classname="tests.ReportsTest" name="AddPatient" time="26.427"/>
  <testcase classname="tests.ReportsTest" name="dateView" time="1.449"/>
  <testcase classname="tests.ReportsTest" name="cancel" time="2.531"/>
  <testcase classname="genericPages.CommonMethod" name="@AfterSuite closure" time="0.0">
    <ignored/>
  </testcase> <!-- @AfterSuite closure -->
  <testcase classname="genericPages.CommonMethod" name="@BeforeSuite configuration" time="0.0">
    <ignored/>
  </testcase> <!-- @BeforeSuite configuration -->
  <testcase classname="genericPages.CommonMethod" name="@AfterSuite closure" time="0.0">
    <ignored/>
  </testcase> <!-- @AfterSuite closure -->
  <testcase classname="genericPages.CommonMethod" name="@AfterSuite closure" time="0.0">
    <ignored/>
  </testcase> <!-- @AfterSuite closure -->
  <testcase classname="genericPages.CommonMethod" name="@BeforeSuite configuration" time="0.0">
    <ignored/>
  </testcase> <!-- @BeforeSuite configuration -->
  <testcase classname="genericPages.CommonMethod" name="@BeforeSuite configuration" time="0.0">
    <ignored/>
  </testcase> <!-- @BeforeSuite configuration -->
  <testcase classname="genericPages.CommonMethod" name="@BeforeSuite configuration" time="0.0">
    <ignored/>
  </testcase> <!-- @BeforeSuite configuration -->
  <testcase classname="genericPages.CommonMethod" name="@AfterSuite closure" time="0.0">
    <ignored/>
  </testcase> <!-- @AfterSuite closure -->
  <testcase classname="genericPages.CommonMethod" name="@AfterSuite closure" time="0.0">
    <ignored/>
  </testcase> <!-- @AfterSuite closure -->
  <testcase classname="genericPages.CommonMethod" name="@BeforeSuite configuration" time="0.0">
    <ignored/>
  </testcase> <!-- @BeforeSuite configuration -->
  <testcase classname="genericPages.CommonMethod" name="@AfterSuite closure" time="0.0">
    <ignored/>
  </testcase> <!-- @AfterSuite closure -->
  <testcase classname="genericPages.CommonMethod" name="@BeforeSuite configuration" time="0.0">
    <ignored/>
  </testcase> <!-- @BeforeSuite configuration -->
  <testcase classname="genericPages.CommonMethod" name="@BeforeSuite configuration" time="0.0">
    <ignored/>
  </testcase> <!-- @BeforeSuite configuration -->
  <testcase classname="genericPages.CommonMethod" name="@AfterSuite closure" time="0.0">
    <ignored/>
  </testcase> <!-- @AfterSuite closure -->
  <testcase classname="genericPages.CommonMethod" name="@AfterSuite closure" time="0.0">
    <ignored/>
  </testcase> <!-- @AfterSuite closure -->
  <testcase classname="genericPages.CommonMethod" name="@BeforeSuite configuration" time="0.0">
    <ignored/>
  </testcase> <!-- @BeforeSuite configuration -->
  <testcase classname="genericPages.CommonMethod" name="@BeforeSuite configuration" time="0.0">
    <ignored/>
  </testcase> <!-- @BeforeSuite configuration -->
  <testcase classname="genericPages.CommonMethod" name="@AfterSuite closure" time="0.0">
    <ignored/>
  </testcase> <!-- @AfterSuite closure -->
  <testcase classname="genericPages.CommonMethod" name="@BeforeSuite configuration" time="0.0">
    <ignored/>
  </testcase> <!-- @BeforeSuite configuration -->
  <testcase classname="genericPages.CommonMethod" name="@AfterSuite closure" time="0.0">
    <ignored/>
  </testcase> <!-- @AfterSuite closure -->
  <testcase classname="genericPages.CommonMethod" name="@BeforeSuite configuration" time="0.0">
    <ignored/>
  </testcase> <!-- @BeforeSuite configuration -->
  <testcase classname="genericPages.CommonMethod" name="@BeforeSuite configuration" time="0.0">
    <ignored/>
  </testcase> <!-- @BeforeSuite configuration -->
  <testcase classname="genericPages.CommonMethod" name="@BeforeSuite configuration" time="0.0">
    <ignored/>
  </testcase> <!-- @BeforeSuite configuration -->
  <testcase classname="genericPages.CommonMethod" name="@AfterSuite closure" time="0.0">
    <ignored/>
  </testcase> <!-- @AfterSuite closure -->
  <testcase classname="genericPages.CommonMethod" name="@AfterSuite closure" time="0.0">
    <ignored/>
  </testcase> <!-- @AfterSuite closure -->
  <testcase classname="genericPages.CommonMethod" name="@AfterSuite closure" time="0.0">
    <ignored/>
  </testcase> <!-- @AfterSuite closure -->
  <testcase classname="genericPages.CommonMethod" name="@AfterSuite closure" time="0.0">
    <ignored/>
  </testcase> <!-- @AfterSuite closure -->
  <testcase classname="genericPages.CommonMethod" name="@BeforeSuite configuration" time="0.0">
    <ignored/>
  </testcase> <!-- @BeforeSuite configuration -->
  <testcase classname="genericPages.CommonMethod" name="@AfterSuite closure" time="0.0">
    <ignored/>
  </testcase> <!-- @AfterSuite closure -->
  <testcase classname="genericPages.CommonMethod" name="@BeforeSuite configuration" time="0.0">
    <ignored/>
  </testcase> <!-- @BeforeSuite configuration -->
</testsuite> <!-- Test -->
