<?xml version="1.0" encoding="UTF-8"?>
<testng-results ignored="0" total="7" passed="7" failed="0" skipped="0">
  <reporter-output>
  </reporter-output>
  <suite started-at="2023-10-10T19:20:03 IST" name="Default suite" finished-at="2023-10-10T19:27:03 IST" duration-ms="420112">
    <groups>
    </groups>
    <test started-at="2023-10-10T19:20:03 IST" name="Default test" finished-at="2023-10-10T19:27:03 IST" duration-ms="420112">
      <class name="tests.BrokenLinks">
        <test-method is-config="true" signature="configuration()[pri:0, instance:tests.BrokenLinks@53aad5d5]" started-at="2023-10-10T19:20:03 IST" name="configuration" finished-at="2023-10-10T19:20:03 IST" duration-ms="151" status="PASS">
          <reporter-output>
          </reporter-output>
        </test-method> <!-- configuration -->
        <test-method is-config="true" signature="openApplication()[pri:0, instance:tests.BrokenLinks@53aad5d5]" started-at="2023-10-10T19:20:03 IST" name="openApplication" finished-at="2023-10-10T19:20:05 IST" duration-ms="2215" status="PASS">
          <reporter-output>
          </reporter-output>
        </test-method> <!-- openApplication -->
        <test-method signature="verifyBrokenLinkLoginPage()[pri:1, instance:tests.BrokenLinks@53aad5d5]" started-at="2023-10-10T19:20:05 IST" name="verifyBrokenLinkLoginPage" finished-at="2023-10-10T19:20:39 IST" duration-ms="33843" status="PASS">
          <reporter-output>
          </reporter-output>
        </test-method> <!-- verifyBrokenLinkLoginPage -->
        <test-method signature="verifyBrokenLinkHomePage()[pri:2, instance:tests.BrokenLinks@53aad5d5]" started-at="2023-10-10T19:20:39 IST" name="verifyBrokenLinkHomePage" finished-at="2023-10-10T19:20:53 IST" duration-ms="14092" status="PASS">
          <reporter-output>
          </reporter-output>
        </test-method> <!-- verifyBrokenLinkHomePage -->
        <test-method signature="verifyBrokenLinkPatientpage()[pri:3, instance:tests.BrokenLinks@53aad5d5]" started-at="2023-10-10T19:20:53 IST" name="verifyBrokenLinkPatientpage" finished-at="2023-10-10T19:23:02 IST" duration-ms="129026" status="PASS">
          <reporter-output>
          </reporter-output>
        </test-method> <!-- verifyBrokenLinkPatientpage -->
        <test-method signature="verifyBrokenLinkAppointmentsCalenderpage()[pri:4, instance:tests.BrokenLinks@53aad5d5]" started-at="2023-10-10T19:23:02 IST" name="verifyBrokenLinkAppointmentsCalenderpage" finished-at="2023-10-10T19:23:12 IST" duration-ms="9775" status="PASS">
          <reporter-output>
          </reporter-output>
        </test-method> <!-- verifyBrokenLinkAppointmentsCalenderpage -->
        <test-method signature="verifyBrokenLinkPrescriptionpage()[pri:5, instance:tests.BrokenLinks@53aad5d5]" started-at="2023-10-10T19:23:12 IST" name="verifyBrokenLinkPrescriptionpage" finished-at="2023-10-10T19:25:03 IST" duration-ms="111364" status="PASS">
          <reporter-output>
          </reporter-output>
        </test-method> <!-- verifyBrokenLinkPrescriptionpage -->
        <test-method signature="verifyBrokenLinkBillingpage()[pri:6, instance:tests.BrokenLinks@53aad5d5]" started-at="2023-10-10T19:25:03 IST" name="verifyBrokenLinkBillingpage" finished-at="2023-10-10T19:26:55 IST" duration-ms="111644" status="PASS">
          <reporter-output>
          </reporter-output>
        </test-method> <!-- verifyBrokenLinkBillingpage -->
        <test-method signature="verifyBrokenLinkReportspage()[pri:7, instance:tests.BrokenLinks@53aad5d5]" started-at="2023-10-10T19:26:55 IST" name="verifyBrokenLinkReportspage" finished-at="2023-10-10T19:27:02 IST" duration-ms="7527" status="PASS">
          <reporter-output>
          </reporter-output>
        </test-method> <!-- verifyBrokenLinkReportspage -->
        <test-method is-config="true" signature="closeBrowser()[pri:0, instance:tests.BrokenLinks@53aad5d5]" started-at="2023-10-10T19:27:02 IST" name="closeBrowser" finished-at="2023-10-10T19:27:03 IST" duration-ms="575" status="PASS">
          <reporter-output>
          </reporter-output>
        </test-method> <!-- closeBrowser -->
        <test-method is-config="true" signature="closure()[pri:0, instance:tests.BrokenLinks@53aad5d5]" started-at="2023-10-10T19:27:03 IST" name="closure" finished-at="2023-10-10T19:27:03 IST" duration-ms="130" status="PASS">
          <reporter-output>
          </reporter-output>
        </test-method> <!-- closure -->
      </class> <!-- tests.BrokenLinks -->
    </test> <!-- Default test -->
  </suite> <!-- Default suite -->
</testng-results>
