<?xml version="1.0" encoding="UTF-8"?>
<testng-results ignored="0" total="83" passed="83" failed="0" skipped="0">
  <reporter-output>
  </reporter-output>
  <suite started-at="2023-10-23T13:13:05 IST" name="src/test/java" finished-at="2023-10-23T13:34:45 IST" duration-ms="1300524">
    <groups>
    </groups>
    <test started-at="2023-10-23T13:13:05 IST" name="tests" finished-at="2023-10-23T13:34:45 IST" duration-ms="1300524">
      <class name="tests.TC__002_LoginTest">
        <test-method is-config="true" signature="OpenApplication()[pri:0, instance:tests.TC__002_LoginTest@fd07cbb]" started-at="2023-10-23T13:13:57 IST" name="OpenApplication" finished-at="2023-10-23T13:14:00 IST" duration-ms="3583" status="PASS">
          <reporter-output>
          </reporter-output>
        </test-method> <!-- OpenApplication -->
        <test-method signature="loginWithoutData()[pri:1, instance:tests.TC__002_LoginTest@fd07cbb]" started-at="2023-10-23T13:14:00 IST" name="loginWithoutData" finished-at="2023-10-23T13:14:05 IST" duration-ms="4388" status="PASS">
          <reporter-output>
          </reporter-output>
        </test-method> <!-- loginWithoutData -->
        <test-method signature="loginWithoutPassword()[pri:2, instance:tests.TC__002_LoginTest@fd07cbb]" started-at="2023-10-23T13:14:05 IST" name="loginWithoutPassword" finished-at="2023-10-23T13:14:08 IST" duration-ms="3302" status="PASS">
          <reporter-output>
          </reporter-output>
        </test-method> <!-- loginWithoutPassword -->
        <test-method signature="loginWithInvaliedPassword()[pri:3, instance:tests.TC__002_LoginTest@fd07cbb]" started-at="2023-10-23T13:14:08 IST" name="loginWithInvaliedPassword" finished-at="2023-10-23T13:14:14 IST" duration-ms="6241" status="PASS">
          <reporter-output>
          </reporter-output>
        </test-method> <!-- loginWithInvaliedPassword -->
        <test-method signature="incorrectDetails()[pri:4, instance:tests.TC__002_LoginTest@fd07cbb]" started-at="2023-10-23T13:14:14 IST" name="incorrectDetails" finished-at="2023-10-23T13:14:24 IST" duration-ms="9396" status="PASS">
          <reporter-output>
          </reporter-output>
        </test-method> <!-- incorrectDetails -->
        <test-method signature="loginwithoutRememberMe()[pri:5, instance:tests.TC__002_LoginTest@fd07cbb]" started-at="2023-10-23T13:14:24 IST" name="loginwithoutRememberMe" finished-at="2023-10-23T13:14:34 IST" duration-ms="10547" status="PASS">
          <reporter-output>
          </reporter-output>
        </test-method> <!-- loginwithoutRememberMe -->
        <test-method signature="loginWithRememberMe()[pri:6, instance:tests.TC__002_LoginTest@fd07cbb]" started-at="2023-10-23T13:14:34 IST" name="loginWithRememberMe" finished-at="2023-10-23T13:14:42 IST" duration-ms="7940" status="PASS">
          <reporter-output>
          </reporter-output>
        </test-method> <!-- loginWithRememberMe -->
        <test-method is-config="true" signature="afterTest()[pri:0, instance:tests.TC__002_LoginTest@fd07cbb]" started-at="2023-10-23T13:14:42 IST" name="afterTest" finished-at="2023-10-23T13:14:42 IST" duration-ms="324" status="PASS">
          <reporter-output>
          </reporter-output>
        </test-method> <!-- afterTest -->
      </class> <!-- tests.TC__002_LoginTest -->
      <class name="tests.TC__005_ToDoListTest">
        <test-method is-config="true" signature="openApplication()[pri:0, instance:tests.TC__005_ToDoListTest@484970b0]" started-at="2023-10-23T13:16:21 IST" name="openApplication" finished-at="2023-10-23T13:16:37 IST" duration-ms="15987" status="PASS">
          <reporter-output>
          </reporter-output>
        </test-method> <!-- openApplication -->
        <test-method signature="TodolistWithoutDueDate()[pri:1, instance:tests.TC__005_ToDoListTest@484970b0]" started-at="2023-10-23T13:16:37 IST" name="TodolistWithoutDueDate" finished-at="2023-10-23T13:16:48 IST" duration-ms="10701" status="PASS">
          <reporter-output>
          </reporter-output>
        </test-method> <!-- TodolistWithoutDueDate -->
        <test-method signature="withoutTaskDetails()[pri:2, instance:tests.TC__005_ToDoListTest@484970b0]" started-at="2023-10-23T13:16:48 IST" name="withoutTaskDetails" finished-at="2023-10-23T13:16:53 IST" duration-ms="5267" status="PASS">
          <reporter-output>
          </reporter-output>
        </test-method> <!-- withoutTaskDetails -->
        <test-method signature="toDoListWithDueDate()[pri:3, instance:tests.TC__005_ToDoListTest@484970b0]" started-at="2023-10-23T13:16:53 IST" name="toDoListWithDueDate" finished-at="2023-10-23T13:17:04 IST" duration-ms="10495" status="PASS">
          <reporter-output>
          </reporter-output>
        </test-method> <!-- toDoListWithDueDate -->
        <test-method signature="CompletedTask()[pri:4, instance:tests.TC__005_ToDoListTest@484970b0]" started-at="2023-10-23T13:17:04 IST" name="CompletedTask" finished-at="2023-10-23T13:17:09 IST" duration-ms="4959" status="PASS">
          <reporter-output>
          </reporter-output>
        </test-method> <!-- CompletedTask -->
        <test-method signature="viewCompletedTask()[pri:5, instance:tests.TC__005_ToDoListTest@484970b0]" started-at="2023-10-23T13:17:09 IST" name="viewCompletedTask" finished-at="2023-10-23T13:17:11 IST" duration-ms="2180" status="PASS">
          <reporter-output>
          </reporter-output>
        </test-method> <!-- viewCompletedTask -->
        <test-method signature="viewOpenTask()[pri:6, instance:tests.TC__005_ToDoListTest@484970b0]" started-at="2023-10-23T13:17:11 IST" name="viewOpenTask" finished-at="2023-10-23T13:17:13 IST" duration-ms="2192" status="PASS">
          <reporter-output>
          </reporter-output>
        </test-method> <!-- viewOpenTask -->
        <test-method signature="deleteTask()[pri:7, instance:tests.TC__005_ToDoListTest@484970b0]" started-at="2023-10-23T13:17:13 IST" name="deleteTask" finished-at="2023-10-23T13:17:18 IST" duration-ms="5190" status="PASS">
          <reporter-output>
          </reporter-output>
        </test-method> <!-- deleteTask -->
        <test-method is-config="true" signature="afterTest()[pri:0, instance:tests.TC__005_ToDoListTest@484970b0]" started-at="2023-10-23T13:17:18 IST" name="afterTest" finished-at="2023-10-23T13:17:19 IST" duration-ms="192" status="PASS">
          <reporter-output>
          </reporter-output>
        </test-method> <!-- afterTest -->
      </class> <!-- tests.TC__005_ToDoListTest -->
      <class name="tests.TC__007_PatientVisitTest">
        <test-method is-config="true" signature="openApplication()[pri:0, instance:tests.TC__007_PatientVisitTest@7c83dc97]" started-at="2023-10-23T13:19:40 IST" name="openApplication" finished-at="2023-10-23T13:19:55 IST" duration-ms="14495" status="PASS">
          <reporter-output>
          </reporter-output>
        </test-method> <!-- openApplication -->
        <test-method signature="addNewPatientData()[pri:1, instance:tests.TC__007_PatientVisitTest@7c83dc97]" started-at="2023-10-23T13:19:55 IST" name="addNewPatientData" finished-at="2023-10-23T13:20:03 IST" duration-ms="8504" status="PASS">
          <reporter-output>
          </reporter-output>
        </test-method> <!-- addNewPatientData -->
        <test-method signature="patientVisitWithPrimaryComplaintUpload()[pri:2, instance:tests.TC__007_PatientVisitTest@7c83dc97]" started-at="2023-10-23T13:20:03 IST" name="patientVisitWithPrimaryComplaintUpload" finished-at="2023-10-23T13:20:57 IST" duration-ms="53749" status="PASS">
          <reporter-output>
          </reporter-output>
        </test-method> <!-- patientVisitWithPrimaryComplaintUpload -->
        <test-method signature="deleteFile()[pri:3, instance:tests.TC__007_PatientVisitTest@7c83dc97]" started-at="2023-10-23T13:20:57 IST" name="deleteFile" finished-at="2023-10-23T13:21:02 IST" duration-ms="4648" status="PASS">
          <reporter-output>
          </reporter-output>
        </test-method> <!-- deleteFile -->
        <test-method signature="savePatientVisit()[pri:4, instance:tests.TC__007_PatientVisitTest@7c83dc97]" started-at="2023-10-23T13:21:02 IST" name="savePatientVisit" finished-at="2023-10-23T13:21:10 IST" duration-ms="8474" status="PASS">
          <reporter-output>
          </reporter-output>
        </test-method> <!-- savePatientVisit -->
        <test-method signature="patientVisitWithoutPrimaryComplaint()[pri:5, instance:tests.TC__007_PatientVisitTest@7c83dc97]" started-at="2023-10-23T13:21:10 IST" name="patientVisitWithoutPrimaryComplaint" finished-at="2023-10-23T13:21:27 IST" duration-ms="16338" status="PASS">
          <reporter-output>
          </reporter-output>
        </test-method> <!-- patientVisitWithoutPrimaryComplaint -->
        <test-method signature="followup()[pri:6, instance:tests.TC__007_PatientVisitTest@7c83dc97]" started-at="2023-10-23T13:21:27 IST" name="followup" finished-at="2023-10-23T13:22:24 IST" duration-ms="57797" status="PASS">
          <reporter-output>
          </reporter-output>
        </test-method> <!-- followup -->
        <test-method is-config="true" signature="afterTest()[pri:0, instance:tests.TC__007_PatientVisitTest@7c83dc97]" started-at="2023-10-23T13:22:24 IST" name="afterTest" finished-at="2023-10-23T13:22:24 IST" duration-ms="160" status="PASS">
          <reporter-output>
          </reporter-output>
        </test-method> <!-- afterTest -->
      </class> <!-- tests.TC__007_PatientVisitTest -->
      <class name="tests.TC__013_ViewBillTest">
        <test-method is-config="true" signature="openApplication()[pri:0, instance:tests.TC__013_ViewBillTest@2f54a33d]" started-at="2023-10-23T13:32:26 IST" name="openApplication" finished-at="2023-10-23T13:32:42 IST" duration-ms="15627" status="PASS">
          <reporter-output>
          </reporter-output>
        </test-method> <!-- openApplication -->
        <test-method signature="viewBill()[pri:1, instance:tests.TC__013_ViewBillTest@2f54a33d]" started-at="2023-10-23T13:32:42 IST" name="viewBill" finished-at="2023-10-23T13:32:55 IST" duration-ms="13256" status="PASS">
          <reporter-output>
          </reporter-output>
        </test-method> <!-- viewBill -->
        <test-method signature="printBill()[pri:2, instance:tests.TC__013_ViewBillTest@2f54a33d]" started-at="2023-10-23T13:32:55 IST" name="printBill" finished-at="2023-10-23T13:33:01 IST" duration-ms="6157" status="PASS">
          <reporter-output>
          </reporter-output>
        </test-method> <!-- printBill -->
        <test-method signature="downloadBill()[pri:3, instance:tests.TC__013_ViewBillTest@2f54a33d]" started-at="2023-10-23T13:33:01 IST" name="downloadBill" finished-at="2023-10-23T13:33:08 IST" duration-ms="6568" status="PASS">
          <reporter-output>
          </reporter-output>
        </test-method> <!-- downloadBill -->
        <test-method signature="goToPatientDetails()[pri:4, instance:tests.TC__013_ViewBillTest@2f54a33d]" started-at="2023-10-23T13:33:08 IST" name="goToPatientDetails" finished-at="2023-10-23T13:33:19 IST" duration-ms="11650" status="PASS">
          <reporter-output>
          </reporter-output>
        </test-method> <!-- goToPatientDetails -->
        <test-method is-config="true" signature="closeBrowser()[pri:0, instance:tests.TC__013_ViewBillTest@2f54a33d]" started-at="2023-10-23T13:33:19 IST" name="closeBrowser" finished-at="2023-10-23T13:33:20 IST" duration-ms="203" status="PASS">
          <reporter-output>
          </reporter-output>
        </test-method> <!-- closeBrowser -->
      </class> <!-- tests.TC__013_ViewBillTest -->
      <class name="tests.TC__008_ViewOrEditTest">
        <test-method is-config="true" signature="openApplication()[pri:0, instance:tests.TC__008_ViewOrEditTest@7748410a]" started-at="2023-10-23T13:22:24 IST" name="openApplication" finished-at="2023-10-23T13:22:40 IST" duration-ms="15529" status="PASS">
          <reporter-output>
          </reporter-output>
        </test-method> <!-- openApplication -->
        <test-method signature="deleteList()[pri:1, instance:tests.TC__008_ViewOrEditTest@7748410a]" started-at="2023-10-23T13:22:40 IST" name="deleteList" finished-at="2023-10-23T13:22:52 IST" duration-ms="12367" status="PASS">
          <reporter-output>
          </reporter-output>
        </test-method> <!-- deleteList -->
        <test-method signature="updateContactField()[pri:2, instance:tests.TC__008_ViewOrEditTest@7748410a]" started-at="2023-10-23T13:22:52 IST" name="updateContactField" finished-at="2023-10-23T13:23:14 IST" duration-ms="21732" status="PASS">
          <reporter-output>
          </reporter-output>
        </test-method> <!-- updateContactField -->
        <test-method signature="withoutAddressField()[pri:3, instance:tests.TC__008_ViewOrEditTest@7748410a]" started-at="2023-10-23T13:23:14 IST" name="withoutAddressField" finished-at="2023-10-23T13:23:19 IST" duration-ms="5304" status="PASS">
          <reporter-output>
          </reporter-output>
        </test-method> <!-- withoutAddressField -->
        <test-method signature="cancelEdit()[pri:5, instance:tests.TC__008_ViewOrEditTest@7748410a]" started-at="2023-10-23T13:23:19 IST" name="cancelEdit" finished-at="2023-10-23T13:23:22 IST" duration-ms="2231" status="PASS">
          <reporter-output>
          </reporter-output>
        </test-method> <!-- cancelEdit -->
        <test-method is-config="true" signature="CloseBrowser()[pri:0, instance:tests.TC__008_ViewOrEditTest@7748410a]" started-at="2023-10-23T13:23:22 IST" name="CloseBrowser" finished-at="2023-10-23T13:23:22 IST" duration-ms="165" status="PASS">
          <reporter-output>
          </reporter-output>
        </test-method> <!-- CloseBrowser -->
      </class> <!-- tests.TC__008_ViewOrEditTest -->
      <class name="tests.TC__001_RegistrationTest">
        <test-method is-config="true" signature="configuration()[pri:0, instance:tests.TC__001_RegistrationTest@11fc564b]" started-at="2023-10-23T13:13:04 IST" name="configuration" finished-at="2023-10-23T13:13:05 IST" duration-ms="197" status="PASS">
          <reporter-output>
          </reporter-output>
        </test-method> <!-- configuration -->
        <test-method is-config="true" signature="OpenApplication()[pri:0, instance:tests.TC__001_RegistrationTest@11fc564b]" started-at="2023-10-23T13:13:05 IST" name="OpenApplication" finished-at="2023-10-23T13:13:13 IST" duration-ms="8168" status="PASS">
          <reporter-output>
          </reporter-output>
        </test-method> <!-- OpenApplication -->
        <test-method signature="withoutMandatoryAllField()[pri:1, instance:tests.TC__001_RegistrationTest@11fc564b]" started-at="2023-10-23T13:13:13 IST" name="withoutMandatoryAllField" finished-at="2023-10-23T13:13:20 IST" duration-ms="7018" status="PASS">
          <reporter-output>
          </reporter-output>
        </test-method> <!-- withoutMandatoryAllField -->
        <test-method signature="Registration()[pri:2, instance:tests.TC__001_RegistrationTest@11fc564b]" started-at="2023-10-23T13:13:20 IST" name="Registration" finished-at="2023-10-23T13:13:28 IST" duration-ms="8648" status="PASS">
          <reporter-output>
          </reporter-output>
        </test-method> <!-- Registration -->
        <test-method signature="registerWithExistingDataAgain()[pri:3, instance:tests.TC__001_RegistrationTest@11fc564b]" started-at="2023-10-23T13:13:28 IST" name="registerWithExistingDataAgain" finished-at="2023-10-23T13:13:33 IST" duration-ms="4965" status="PASS">
          <reporter-output>
          </reporter-output>
        </test-method> <!-- registerWithExistingDataAgain -->
        <test-method signature="withoutConfirmUsernameField()[pri:4, instance:tests.TC__001_RegistrationTest@11fc564b]" started-at="2023-10-23T13:13:33 IST" name="withoutConfirmUsernameField" finished-at="2023-10-23T13:13:40 IST" duration-ms="6449" status="PASS">
          <reporter-output>
          </reporter-output>
        </test-method> <!-- withoutConfirmUsernameField -->
        <test-method signature="invalidConfirmUsernameField()[pri:5, instance:tests.TC__001_RegistrationTest@11fc564b]" started-at="2023-10-23T13:13:40 IST" name="invalidConfirmUsernameField" finished-at="2023-10-23T13:13:42 IST" duration-ms="2319" status="PASS">
          <reporter-output>
          </reporter-output>
        </test-method> <!-- invalidConfirmUsernameField -->
        <test-method signature="withoutAgreeTermCheckBox()[pri:6, instance:tests.TC__001_RegistrationTest@11fc564b]" started-at="2023-10-23T13:13:42 IST" name="withoutAgreeTermCheckBox" finished-at="2023-10-23T13:13:48 IST" duration-ms="5766" status="PASS">
          <reporter-output>
          </reporter-output>
        </test-method> <!-- withoutAgreeTermCheckBox -->
        <test-method signature="alreadyAnUser()[pri:7, instance:tests.TC__001_RegistrationTest@11fc564b]" started-at="2023-10-23T13:13:48 IST" name="alreadyAnUser" finished-at="2023-10-23T13:13:51 IST" duration-ms="2742" status="PASS">
          <reporter-output>
          </reporter-output>
        </test-method> <!-- alreadyAnUser -->
        <test-method signature="withClickHelp()[pri:8, instance:tests.TC__001_RegistrationTest@11fc564b]" started-at="2023-10-23T13:13:51 IST" name="withClickHelp" finished-at="2023-10-23T13:13:56 IST" duration-ms="5458" status="PASS">
          <reporter-output>
          </reporter-output>
        </test-method> <!-- withClickHelp -->
        <test-method is-config="true" signature="logout()[pri:0, instance:tests.TC__001_RegistrationTest@11fc564b]" started-at="2023-10-23T13:13:56 IST" name="logout" finished-at="2023-10-23T13:13:57 IST" duration-ms="415" status="PASS">
          <reporter-output>
          </reporter-output>
        </test-method> <!-- logout -->
        <test-method is-config="true" signature="closure()[pri:0, instance:tests.TC__001_RegistrationTest@11fc564b]" started-at="2023-10-23T13:34:45 IST" name="closure" finished-at="2023-10-23T13:34:45 IST" duration-ms="93" status="PASS">
          <reporter-output>
          </reporter-output>
        </test-method> <!-- closure -->
      </class> <!-- tests.TC__001_RegistrationTest -->
      <class name="tests.TC__011_ViewPrescriptionTest">
        <test-method is-config="true" signature="openApplication()[pri:0, instance:tests.TC__011_ViewPrescriptionTest@55740540]" started-at="2023-10-23T13:29:37 IST" name="openApplication" finished-at="2023-10-23T13:29:51 IST" duration-ms="14076" status="PASS">
          <reporter-output>
          </reporter-output>
        </test-method> <!-- openApplication -->
        <test-method signature="viewPrescription()[pri:1, instance:tests.TC__011_ViewPrescriptionTest@55740540]" started-at="2023-10-23T13:29:51 IST" name="viewPrescription" finished-at="2023-10-23T13:30:07 IST" duration-ms="15634" status="PASS">
          <reporter-output>
          </reporter-output>
        </test-method> <!-- viewPrescription -->
        <test-method signature="patientDetails()[pri:2, instance:tests.TC__011_ViewPrescriptionTest@55740540]" started-at="2023-10-23T13:30:07 IST" name="patientDetails" finished-at="2023-10-23T13:30:18 IST" duration-ms="11500" status="PASS">
          <reporter-output>
          </reporter-output>
        </test-method> <!-- patientDetails -->
        <test-method is-config="true" signature="afterTest()[pri:0, instance:tests.TC__011_ViewPrescriptionTest@55740540]" started-at="2023-10-23T13:30:18 IST" name="afterTest" finished-at="2023-10-23T13:30:18 IST" duration-ms="171" status="PASS">
          <reporter-output>
          </reporter-output>
        </test-method> <!-- afterTest -->
      </class> <!-- tests.TC__011_ViewPrescriptionTest -->
      <class name="tests.TC__004_HomePageAppointmentTest">
        <test-method is-config="true" signature="openApplication()[pri:0, instance:tests.TC__004_HomePageAppointmentTest@3e96bacf]" started-at="2023-10-23T13:14:56 IST" name="openApplication" finished-at="2023-10-23T13:15:09 IST" duration-ms="13942" status="PASS">
          <reporter-output>
          </reporter-output>
        </test-method> <!-- openApplication -->
        <test-method signature="addAppointmentWithoutData()[pri:1, instance:tests.TC__004_HomePageAppointmentTest@3e96bacf]" started-at="2023-10-23T13:15:09 IST" name="addAppointmentWithoutData" finished-at="2023-10-23T13:15:14 IST" duration-ms="4286" status="PASS">
          <reporter-output>
          </reporter-output>
        </test-method> <!-- addAppointmentWithoutData -->
        <test-method signature="addAppointmentWithoutVisitReason()[pri:2, instance:tests.TC__004_HomePageAppointmentTest@3e96bacf]" started-at="2023-10-23T13:15:14 IST" name="addAppointmentWithoutVisitReason" finished-at="2023-10-23T13:15:24 IST" duration-ms="9868" status="PASS">
          <reporter-output>
          </reporter-output>
        </test-method> <!-- addAppointmentWithoutVisitReason -->
        <test-method signature="addAppointment()[pri:3, instance:tests.TC__004_HomePageAppointmentTest@3e96bacf]" started-at="2023-10-23T13:15:24 IST" name="addAppointment" finished-at="2023-10-23T13:15:30 IST" duration-ms="6197" status="PASS">
          <reporter-output>
          </reporter-output>
        </test-method> <!-- addAppointment -->
        <test-method signature="addAppointmentwithoutContactNo()[pri:4, instance:tests.TC__004_HomePageAppointmentTest@3e96bacf]" started-at="2023-10-23T13:15:30 IST" name="addAppointmentwithoutContactNo" finished-at="2023-10-23T13:15:38 IST" duration-ms="8621" status="PASS">
          <reporter-output>
          </reporter-output>
        </test-method> <!-- addAppointmentwithoutContactNo -->
        <test-method signature="EditExistingAppointment()[pri:5, instance:tests.TC__004_HomePageAppointmentTest@3e96bacf]" started-at="2023-10-23T13:15:38 IST" name="EditExistingAppointment" finished-at="2023-10-23T13:15:52 IST" duration-ms="13749" status="PASS">
          <reporter-output>
          </reporter-output>
        </test-method> <!-- EditExistingAppointment -->
        <test-method signature="ClickSMSReminder()[pri:6, instance:tests.TC__004_HomePageAppointmentTest@3e96bacf]" started-at="2023-10-23T13:15:52 IST" name="ClickSMSReminder" finished-at="2023-10-23T13:15:59 IST" duration-ms="6539" status="PASS">
          <reporter-output>
          </reporter-output>
        </test-method> <!-- ClickSMSReminder -->
        <test-method signature="ClickAgainSMSReminder()[pri:7, instance:tests.TC__004_HomePageAppointmentTest@3e96bacf]" started-at="2023-10-23T13:15:59 IST" name="ClickAgainSMSReminder" finished-at="2023-10-23T13:16:04 IST" duration-ms="5208" status="PASS">
          <reporter-output>
          </reporter-output>
        </test-method> <!-- ClickAgainSMSReminder -->
        <test-method signature="CancelAppointment()[pri:8, instance:tests.TC__004_HomePageAppointmentTest@3e96bacf]" started-at="2023-10-23T13:16:04 IST" name="CancelAppointment" finished-at="2023-10-23T13:16:09 IST" duration-ms="4923" status="PASS">
          <reporter-output>
          </reporter-output>
        </test-method> <!-- CancelAppointment -->
        <test-method signature="clickSMSRemainderWithoutProperDetails()[pri:9, instance:tests.TC__004_HomePageAppointmentTest@3e96bacf]" started-at="2023-10-23T13:16:09 IST" name="clickSMSRemainderWithoutProperDetails" finished-at="2023-10-23T13:16:21 IST" duration-ms="12277" status="PASS">
          <reporter-output>
          </reporter-output>
        </test-method> <!-- clickSMSRemainderWithoutProperDetails -->
        <test-method is-config="true" signature="afterTest()[pri:0, instance:tests.TC__004_HomePageAppointmentTest@3e96bacf]" started-at="2023-10-23T13:16:21 IST" name="afterTest" finished-at="2023-10-23T13:16:21 IST" duration-ms="228" status="PASS">
          <reporter-output>
          </reporter-output>
        </test-method> <!-- afterTest -->
      </class> <!-- tests.TC__004_HomePageAppointmentTest -->
      <class name="tests.TC__012_AddBillTest">
        <test-method is-config="true" signature="openApplication()[pri:0, instance:tests.TC__012_AddBillTest@60015ef5]" started-at="2023-10-23T13:30:18 IST" name="openApplication" finished-at="2023-10-23T13:30:33 IST" duration-ms="14449" status="PASS">
          <reporter-output>
          </reporter-output>
        </test-method> <!-- openApplication -->
        <test-method signature="saveAndprintBill()[pri:1, instance:tests.TC__012_AddBillTest@60015ef5]" started-at="2023-10-23T13:30:33 IST" name="saveAndprintBill" finished-at="2023-10-23T13:31:14 IST" duration-ms="40703" status="PASS">
          <reporter-output>
          </reporter-output>
        </test-method> <!-- saveAndprintBill -->
        <test-method signature="clickResetBtn()[pri:2, instance:tests.TC__012_AddBillTest@60015ef5]" started-at="2023-10-23T13:31:14 IST" name="clickResetBtn" finished-at="2023-10-23T13:31:26 IST" duration-ms="12187" status="PASS">
          <reporter-output>
          </reporter-output>
        </test-method> <!-- clickResetBtn -->
        <test-method signature="printWithoutAddingBillingItem()[pri:3, instance:tests.TC__012_AddBillTest@60015ef5]" started-at="2023-10-23T13:31:26 IST" name="printWithoutAddingBillingItem" finished-at="2023-10-23T13:31:38 IST" duration-ms="12268" status="PASS">
          <reporter-output>
          </reporter-output>
        </test-method> <!-- printWithoutAddingBillingItem -->
        <test-method signature="addingIncorrectBillItemDetails()[pri:4, instance:tests.TC__012_AddBillTest@60015ef5]" started-at="2023-10-23T13:31:38 IST" name="addingIncorrectBillItemDetails" finished-at="2023-10-23T13:32:00 IST" duration-ms="22279" status="PASS">
          <reporter-output>
          </reporter-output>
        </test-method> <!-- addingIncorrectBillItemDetails -->
        <test-method signature="printBill()[pri:5, instance:tests.TC__012_AddBillTest@60015ef5]" started-at="2023-10-23T13:32:00 IST" name="printBill" finished-at="2023-10-23T13:32:17 IST" duration-ms="16240" status="PASS">
          <reporter-output>
          </reporter-output>
        </test-method> <!-- printBill -->
        <test-method signature="downloadBill()[pri:6, instance:tests.TC__012_AddBillTest@60015ef5]" started-at="2023-10-23T13:32:17 IST" name="downloadBill" finished-at="2023-10-23T13:32:26 IST" duration-ms="9327" status="PASS">
          <reporter-output>
          </reporter-output>
        </test-method> <!-- downloadBill -->
        <test-method is-config="true" signature="closeBrowser()[pri:0, instance:tests.TC__012_AddBillTest@60015ef5]" started-at="2023-10-23T13:32:26 IST" name="closeBrowser" finished-at="2023-10-23T13:32:26 IST" duration-ms="187" status="PASS">
          <reporter-output>
          </reporter-output>
        </test-method> <!-- closeBrowser -->
      </class> <!-- tests.TC__012_AddBillTest -->
      <class name="tests.TC__003_ForgetPasswordTest">
        <test-method is-config="true" signature="openApplication()[pri:0, instance:tests.TC__003_ForgetPasswordTest@3571b748]" started-at="2023-10-23T13:14:42 IST" name="openApplication" finished-at="2023-10-23T13:14:47 IST" duration-ms="4306" status="PASS">
          <reporter-output>
          </reporter-output>
        </test-method> <!-- openApplication -->
        <test-method signature="forgotpassword()[pri:1, instance:tests.TC__003_ForgetPasswordTest@3571b748]" started-at="2023-10-23T13:14:47 IST" name="forgotpassword" finished-at="2023-10-23T13:14:53 IST" duration-ms="5933" status="PASS">
          <reporter-output>
          </reporter-output>
        </test-method> <!-- forgotpassword -->
        <test-method signature="BackLoginPage()[pri:2, instance:tests.TC__003_ForgetPasswordTest@3571b748]" started-at="2023-10-23T13:14:53 IST" name="BackLoginPage" finished-at="2023-10-23T13:14:55 IST" duration-ms="2683" status="PASS">
          <reporter-output>
          </reporter-output>
        </test-method> <!-- BackLoginPage -->
        <test-method is-config="true" signature="logout()[pri:0, instance:tests.TC__003_ForgetPasswordTest@3571b748]" started-at="2023-10-23T13:14:55 IST" name="logout" finished-at="2023-10-23T13:14:56 IST" duration-ms="215" status="PASS">
          <reporter-output>
          </reporter-output>
        </test-method> <!-- logout -->
      </class> <!-- tests.TC__003_ForgetPasswordTest -->
      <class name="tests.TC__009_AppointmentsCalenderTest">
        <test-method is-config="true" signature="openApplication()[pri:0, instance:tests.TC__009_AppointmentsCalenderTest@740773a3]" started-at="2023-10-23T13:23:22 IST" name="openApplication" finished-at="2023-10-23T13:23:35 IST" duration-ms="13426" status="PASS">
          <reporter-output>
          </reporter-output>
        </test-method> <!-- openApplication -->
        <test-method signature="AddAppointmentsCalender()[pri:1, instance:tests.TC__009_AppointmentsCalenderTest@740773a3]" started-at="2023-10-23T13:23:35 IST" name="AddAppointmentsCalender" finished-at="2023-10-23T13:23:52 IST" duration-ms="16278" status="PASS">
          <reporter-output>
          </reporter-output>
        </test-method> <!-- AddAppointmentsCalender -->
        <test-method signature="AddAppointmentWithoutVisitReason()[pri:3, instance:tests.TC__009_AppointmentsCalenderTest@740773a3]" started-at="2023-10-23T13:23:52 IST" name="AddAppointmentWithoutVisitReason" finished-at="2023-10-23T13:24:07 IST" duration-ms="15690" status="PASS">
          <reporter-output>
          </reporter-output>
        </test-method> <!-- AddAppointmentWithoutVisitReason -->
        <test-method signature="addPatientWithoutContactNo()[pri:4, instance:tests.TC__009_AppointmentsCalenderTest@740773a3]" started-at="2023-10-23T13:24:07 IST" name="addPatientWithoutContactNo" finished-at="2023-10-23T13:24:23 IST" duration-ms="15894" status="PASS">
          <reporter-output>
          </reporter-output>
        </test-method> <!-- addPatientWithoutContactNo -->
        <test-method signature="updateWithInvaliedData()[pri:5, instance:tests.TC__009_AppointmentsCalenderTest@740773a3]" started-at="2023-10-23T13:24:23 IST" name="updateWithInvaliedData" finished-at="2023-10-23T13:24:38 IST" duration-ms="14780" status="PASS">
          <reporter-output>
          </reporter-output>
        </test-method> <!-- updateWithInvaliedData -->
        <test-method signature="updateAppointmentWithValidData()[pri:6, instance:tests.TC__009_AppointmentsCalenderTest@740773a3]" started-at="2023-10-23T13:24:38 IST" name="updateAppointmentWithValidData" finished-at="2023-10-23T13:24:58 IST" duration-ms="20146" status="PASS">
          <reporter-output>
          </reporter-output>
        </test-method> <!-- updateAppointmentWithValidData -->
        <test-method signature="existingAppointmentInMonth()[pri:7, instance:tests.TC__009_AppointmentsCalenderTest@740773a3]" started-at="2023-10-23T13:24:58 IST" name="existingAppointmentInMonth" finished-at="2023-10-23T13:25:41 IST" duration-ms="43165" status="PASS">
          <reporter-output>
          </reporter-output>
        </test-method> <!-- existingAppointmentInMonth -->
        <test-method signature="existingAppointmentInWeek()[pri:8, instance:tests.TC__009_AppointmentsCalenderTest@740773a3]" started-at="2023-10-23T13:25:41 IST" name="existingAppointmentInWeek" finished-at="2023-10-23T13:26:21 IST" duration-ms="40033" status="PASS">
          <reporter-output>
          </reporter-output>
        </test-method> <!-- existingAppointmentInWeek -->
        <test-method signature="existingAppointmentInDay()[pri:9, instance:tests.TC__009_AppointmentsCalenderTest@740773a3]" started-at="2023-10-23T13:26:21 IST" name="existingAppointmentInDay" finished-at="2023-10-23T13:27:22 IST" duration-ms="61136" status="PASS">
          <reporter-output>
          </reporter-output>
        </test-method> <!-- existingAppointmentInDay -->
        <test-method signature="agenda()[pri:10, instance:tests.TC__009_AppointmentsCalenderTest@740773a3]" started-at="2023-10-23T13:27:22 IST" name="agenda" finished-at="2023-10-23T13:27:46 IST" duration-ms="23265" status="PASS">
          <reporter-output>
          </reporter-output>
        </test-method> <!-- agenda -->
        <test-method is-config="true" signature="afterTest()[pri:0, instance:tests.TC__009_AppointmentsCalenderTest@740773a3]" started-at="2023-10-23T13:27:46 IST" name="afterTest" finished-at="2023-10-23T13:27:46 IST" duration-ms="164" status="PASS">
          <reporter-output>
          </reporter-output>
        </test-method> <!-- afterTest -->
      </class> <!-- tests.TC__009_AppointmentsCalenderTest -->
      <class name="tests.TC__006_AddPatientTest">
        <test-method is-config="true" signature="openApplication()[pri:0, instance:tests.TC__006_AddPatientTest@4470f8a6]" started-at="2023-10-23T13:17:19 IST" name="openApplication" finished-at="2023-10-23T13:17:32 IST" duration-ms="13001" status="PASS">
          <reporter-output>
          </reporter-output>
        </test-method> <!-- openApplication -->
        <test-method signature="AddPatientDataUploadFile()[pri:1, instance:tests.TC__006_AddPatientTest@4470f8a6]" started-at="2023-10-23T13:17:32 IST" name="AddPatientDataUploadFile" finished-at="2023-10-23T13:18:21 IST" duration-ms="48970" status="PASS">
          <reporter-output>
          </reporter-output>
        </test-method> <!-- AddPatientDataUploadFile -->
        <test-method signature="resetPatientWithData()[pri:2, instance:tests.TC__006_AddPatientTest@4470f8a6]" started-at="2023-10-23T13:18:21 IST" name="resetPatientWithData" finished-at="2023-10-23T13:18:23 IST" duration-ms="2220" status="PASS">
          <reporter-output>
          </reporter-output>
        </test-method> <!-- resetPatientWithData -->
        <test-method signature="withoutMandatoryAllData()[pri:3, instance:tests.TC__006_AddPatientTest@4470f8a6]" started-at="2023-10-23T13:18:23 IST" name="withoutMandatoryAllData" finished-at="2023-10-23T13:18:28 IST" duration-ms="5499" status="PASS">
          <reporter-output>
          </reporter-output>
        </test-method> <!-- withoutMandatoryAllData -->
        <test-method signature="resetPatientWithoutData()[pri:4, instance:tests.TC__006_AddPatientTest@4470f8a6]" started-at="2023-10-23T13:18:28 IST" name="resetPatientWithoutData" finished-at="2023-10-23T13:18:30 IST" duration-ms="2177" status="PASS">
          <reporter-output>
          </reporter-output>
        </test-method> <!-- resetPatientWithoutData -->
        <test-method signature="nameWithSpecialCharacter()[pri:5, instance:tests.TC__006_AddPatientTest@4470f8a6]" started-at="2023-10-23T13:18:30 IST" name="nameWithSpecialCharacter" finished-at="2023-10-23T13:18:35 IST" duration-ms="4557" status="PASS">
          <reporter-output>
          </reporter-output>
        </test-method> <!-- nameWithSpecialCharacter -->
        <test-method signature="withIncorrectPhoneNo()[pri:6, instance:tests.TC__006_AddPatientTest@4470f8a6]" started-at="2023-10-23T13:18:35 IST" name="withIncorrectPhoneNo" finished-at="2023-10-23T13:18:40 IST" duration-ms="4515" status="PASS">
          <reporter-output>
          </reporter-output>
        </test-method> <!-- withIncorrectPhoneNo -->
        <test-method signature="withIncorrectPhoneNumberWithSpace()[pri:7, instance:tests.TC__006_AddPatientTest@4470f8a6]" started-at="2023-10-23T13:18:40 IST" name="withIncorrectPhoneNumberWithSpace" finished-at="2023-10-23T13:18:50 IST" duration-ms="10540" status="PASS">
          <reporter-output>
          </reporter-output>
        </test-method> <!-- withIncorrectPhoneNumberWithSpace -->
        <test-method signature="withIncorrectPhoneNoWithNumber0()[pri:8, instance:tests.TC__006_AddPatientTest@4470f8a6]" started-at="2023-10-23T13:18:50 IST" name="withIncorrectPhoneNoWithNumber0" finished-at="2023-10-23T13:19:01 IST" duration-ms="10608" status="PASS">
          <reporter-output>
          </reporter-output>
        </test-method> <!-- withIncorrectPhoneNoWithNumber0 -->
        <test-method signature="sameContactNoInEmergencyField()[pri:9, instance:tests.TC__006_AddPatientTest@4470f8a6]" started-at="2023-10-23T13:19:01 IST" name="sameContactNoInEmergencyField" finished-at="2023-10-23T13:19:40 IST" duration-ms="39447" status="PASS">
          <reporter-output>
          </reporter-output>
        </test-method> <!-- sameContactNoInEmergencyField -->
        <test-method is-config="true" signature="CloseBrowser()[pri:0, instance:tests.TC__006_AddPatientTest@4470f8a6]" started-at="2023-10-23T13:19:40 IST" name="CloseBrowser" finished-at="2023-10-23T13:19:40 IST" duration-ms="173" status="PASS">
          <reporter-output>
          </reporter-output>
        </test-method> <!-- CloseBrowser -->
      </class> <!-- tests.TC__006_AddPatientTest -->
      <class name="tests.TC__014_ReportsTest">
        <test-method is-config="true" signature="openApplication()[pri:0, instance:tests.TC__014_ReportsTest@1018bde2]" started-at="2023-10-23T13:33:20 IST" name="openApplication" finished-at="2023-10-23T13:33:33 IST" duration-ms="13785" status="PASS">
          <reporter-output>
          </reporter-output>
        </test-method> <!-- openApplication -->
        <test-method signature="PatientsTab()[pri:1, instance:tests.TC__014_ReportsTest@1018bde2]" started-at="2023-10-23T13:33:33 IST" name="PatientsTab" finished-at="2023-10-23T13:33:55 IST" duration-ms="21532" status="PASS">
          <reporter-output>
          </reporter-output>
        </test-method> <!-- PatientsTab -->
        <test-method signature="AddPatient()[pri:2, instance:tests.TC__014_ReportsTest@1018bde2]" started-at="2023-10-23T13:33:55 IST" name="AddPatient" finished-at="2023-10-23T13:34:40 IST" duration-ms="45612" status="PASS">
          <reporter-output>
          </reporter-output>
        </test-method> <!-- AddPatient -->
        <test-method signature="dateView()[pri:3, instance:tests.TC__014_ReportsTest@1018bde2]" started-at="2023-10-23T13:34:40 IST" name="dateView" finished-at="2023-10-23T13:34:43 IST" duration-ms="2217" status="PASS">
          <reporter-output>
          </reporter-output>
        </test-method> <!-- dateView -->
        <test-method signature="cancel()[pri:4, instance:tests.TC__014_ReportsTest@1018bde2]" started-at="2023-10-23T13:34:43 IST" name="cancel" finished-at="2023-10-23T13:34:45 IST" duration-ms="2268" status="PASS">
          <reporter-output>
          </reporter-output>
        </test-method> <!-- cancel -->
        <test-method is-config="true" signature="afterTest()[pri:0, instance:tests.TC__014_ReportsTest@1018bde2]" started-at="2023-10-23T13:34:45 IST" name="afterTest" finished-at="2023-10-23T13:34:45 IST" duration-ms="181" status="PASS">
          <reporter-output>
          </reporter-output>
        </test-method> <!-- afterTest -->
      </class> <!-- tests.TC__014_ReportsTest -->
      <class name="tests.TC__010_AddPrescriptionTest">
        <test-method is-config="true" signature="openApplication()[pri:0, instance:tests.TC__010_AddPrescriptionTest@37f1104d]" started-at="2023-10-23T13:27:46 IST" name="openApplication" finished-at="2023-10-23T13:28:00 IST" duration-ms="14359" status="PASS">
          <reporter-output>
          </reporter-output>
        </test-method> <!-- openApplication -->
        <test-method signature="withoutAddingMedicineField()[pri:1, instance:tests.TC__010_AddPrescriptionTest@37f1104d]" started-at="2023-10-23T13:28:00 IST" name="withoutAddingMedicineField" finished-at="2023-10-23T13:28:15 IST" duration-ms="14613" status="PASS">
          <reporter-output>
          </reporter-output>
        </test-method> <!-- withoutAddingMedicineField -->
        <test-method signature="addPrescription()[pri:2, instance:tests.TC__010_AddPrescriptionTest@37f1104d]" started-at="2023-10-23T13:28:15 IST" name="addPrescription" finished-at="2023-10-23T13:28:31 IST" duration-ms="15744" status="PASS">
          <reporter-output>
          </reporter-output>
        </test-method> <!-- addPrescription -->
        <test-method signature="printPrescription()[pri:3, instance:tests.TC__010_AddPrescriptionTest@37f1104d]" started-at="2023-10-23T13:28:31 IST" name="printPrescription" finished-at="2023-10-23T13:28:39 IST" duration-ms="8225" status="PASS">
          <reporter-output>
          </reporter-output>
        </test-method> <!-- printPrescription -->
        <test-method signature="downloadPrescriptionAgain()[pri:4, instance:tests.TC__010_AddPrescriptionTest@37f1104d]" started-at="2023-10-23T13:28:39 IST" name="downloadPrescriptionAgain" finished-at="2023-10-23T13:28:43 IST" duration-ms="4237" status="PASS">
          <reporter-output>
          </reporter-output>
        </test-method> <!-- downloadPrescriptionAgain -->
        <test-method signature="clickingBack()[pri:5, instance:tests.TC__010_AddPrescriptionTest@37f1104d]" started-at="2023-10-23T13:28:43 IST" name="clickingBack" finished-at="2023-10-23T13:28:48 IST" duration-ms="5116" status="PASS">
          <reporter-output>
          </reporter-output>
        </test-method> <!-- clickingBack -->
        <test-method signature="cancelAddedMedicineField()[pri:6, instance:tests.TC__010_AddPrescriptionTest@37f1104d]" started-at="2023-10-23T13:28:48 IST" name="cancelAddedMedicineField" finished-at="2023-10-23T13:29:21 IST" duration-ms="32596" status="PASS">
          <reporter-output>
          </reporter-output>
        </test-method> <!-- cancelAddedMedicineField -->
        <test-method signature="withInvaliedMedicineField()[pri:7, instance:tests.TC__010_AddPrescriptionTest@37f1104d]" started-at="2023-10-23T13:29:21 IST" name="withInvaliedMedicineField" finished-at="2023-10-23T13:29:37 IST" duration-ms="16161" status="PASS">
          <reporter-output>
          </reporter-output>
        </test-method> <!-- withInvaliedMedicineField -->
        <test-method is-config="true" signature="afterTest()[pri:0, instance:tests.TC__010_AddPrescriptionTest@37f1104d]" started-at="2023-10-23T13:29:37 IST" name="afterTest" finished-at="2023-10-23T13:29:37 IST" duration-ms="191" status="PASS">
          <reporter-output>
          </reporter-output>
        </test-method> <!-- afterTest -->
      </class> <!-- tests.TC__010_AddPrescriptionTest -->
    </test> <!-- tests -->
  </suite> <!-- src/test/java -->
</testng-results>
