<?xml version="1.0" encoding="UTF-8"?>
<testng-results ignored="0" total="1" passed="1" failed="0" skipped="0">
  <reporter-output>
  </reporter-output>
  <suite started-at="2023-08-29T14:05:12 IST" name="Default suite" finished-at="2023-08-29T14:05:23 IST" duration-ms="11659">
    <groups>
    </groups>
    <test started-at="2023-08-29T14:05:12 IST" name="Default test" finished-at="2023-08-29T14:05:23 IST" duration-ms="11659">
      <class name="tests.DoctorProfileTest">
        <test-method is-config="true" signature="configuration()[pri:0, instance:tests.DoctorProfileTest@7188af83]" started-at="2023-08-29T14:05:12 IST" name="configuration" finished-at="2023-08-29T14:05:12 IST" duration-ms="12" status="PASS">
          <reporter-output>
          </reporter-output>
        </test-method> <!-- configuration -->
        <test-method is-config="true" signature="openApplication()[pri:0, instance:tests.DoctorProfileTest@7188af83]" started-at="2023-08-29T14:05:12 IST" name="openApplication" finished-at="2023-08-29T14:05:20 IST" duration-ms="8479" status="PASS">
          <reporter-output>
          </reporter-output>
        </test-method> <!-- openApplication -->
        <test-method signature="saveDoctorprofile()[pri:1, instance:tests.DoctorProfileTest@7188af83]" started-at="2023-08-29T14:05:20 IST" name="saveDoctorprofile" finished-at="2023-08-29T14:05:23 IST" duration-ms="3155" status="PASS">
          <reporter-output>
          </reporter-output>
        </test-method> <!-- saveDoctorprofile -->
        <test-method is-config="true" signature="closure()[pri:0, instance:tests.DoctorProfileTest@7188af83]" started-at="2023-08-29T14:05:23 IST" name="closure" finished-at="2023-08-29T14:05:24 IST" duration-ms="295" status="PASS">
          <reporter-output>
          </reporter-output>
        </test-method> <!-- closure -->
      </class> <!-- tests.DoctorProfileTest -->
    </test> <!-- Default test -->
  </suite> <!-- Default suite -->
</testng-results>
