<?xml version="1.0" encoding="UTF-8"?>
<testng-results ignored="0" total="7" passed="7" failed="0" skipped="0">
  <reporter-output>
  </reporter-output>
  <suite started-at="2023-09-06T15:09:26 IST" name="Default suite" finished-at="2023-09-06T15:10:05 IST" duration-ms="39329">
    <groups>
    </groups>
    <test started-at="2023-09-06T15:09:26 IST" name="Default test" finished-at="2023-09-06T15:10:05 IST" duration-ms="39329">
      <class name="tests.ToDoListTest">
        <test-method is-config="true" signature="configuration()[pri:0, instance:tests.ToDoListTest@19932c16]" started-at="2023-09-06T15:09:26 IST" name="configuration" finished-at="2023-09-06T15:09:26 IST" duration-ms="12" status="PASS">
          <reporter-output>
          </reporter-output>
        </test-method> <!-- configuration -->
        <test-method is-config="true" signature="openApplication()[pri:0, instance:tests.ToDoListTest@19932c16]" started-at="2023-09-06T15:09:26 IST" name="openApplication" finished-at="2023-09-06T15:09:35 IST" duration-ms="8715" status="PASS">
          <reporter-output>
          </reporter-output>
        </test-method> <!-- openApplication -->
        <test-method signature="Todolist()[pri:1, instance:tests.ToDoListTest@19932c16]" started-at="2023-09-06T15:09:35 IST" name="Todolist" finished-at="2023-09-06T15:09:40 IST" duration-ms="5308" status="PASS">
          <reporter-output>
          </reporter-output>
        </test-method> <!-- Todolist -->
        <test-method signature="withoutTaskDetails()[pri:2, instance:tests.ToDoListTest@19932c16]" started-at="2023-09-06T15:09:40 IST" name="withoutTaskDetails" finished-at="2023-09-06T15:09:44 IST" duration-ms="4324" status="PASS">
          <reporter-output>
          </reporter-output>
        </test-method> <!-- withoutTaskDetails -->
        <test-method signature="withoutDueDate()[pri:3, instance:tests.ToDoListTest@19932c16]" started-at="2023-09-06T15:09:44 IST" name="withoutDueDate" finished-at="2023-09-06T15:09:48 IST" duration-ms="3998" status="PASS">
          <reporter-output>
          </reporter-output>
        </test-method> <!-- withoutDueDate -->
        <test-method signature="CompletedTask()[pri:4, instance:tests.ToDoListTest@19932c16]" started-at="2023-09-06T15:09:48 IST" name="CompletedTask" finished-at="2023-09-06T15:09:51 IST" duration-ms="2751" status="PASS">
          <reporter-output>
          </reporter-output>
        </test-method> <!-- CompletedTask -->
        <test-method signature="viewCompletedTask()[pri:5, instance:tests.ToDoListTest@19932c16]" started-at="2023-09-06T15:09:51 IST" name="viewCompletedTask" finished-at="2023-09-06T15:09:52 IST" duration-ms="1151" status="PASS">
          <reporter-output>
          </reporter-output>
        </test-method> <!-- viewCompletedTask -->
        <test-method signature="viewOpenTask()[pri:6, instance:tests.ToDoListTest@19932c16]" started-at="2023-09-06T15:09:52 IST" name="viewOpenTask" finished-at="2023-09-06T15:09:53 IST" duration-ms="1099" status="PASS">
          <reporter-output>
          </reporter-output>
        </test-method> <!-- viewOpenTask -->
        <test-method signature="deleteTask()[pri:7, instance:tests.ToDoListTest@19932c16]" started-at="2023-09-06T15:09:53 IST" name="deleteTask" finished-at="2023-09-06T15:10:05 IST" duration-ms="11524" status="PASS">
          <reporter-output>
          </reporter-output>
        </test-method> <!-- deleteTask -->
        <test-method is-config="true" signature="afterTest()[pri:0, instance:tests.ToDoListTest@19932c16]" started-at="2023-09-06T15:10:05 IST" name="afterTest" finished-at="2023-09-06T15:10:05 IST" duration-ms="403" status="PASS">
          <reporter-output>
          </reporter-output>
        </test-method> <!-- afterTest -->
        <test-method is-config="true" signature="closure()[pri:0, instance:tests.ToDoListTest@19932c16]" started-at="2023-09-06T15:10:05 IST" name="closure" finished-at="2023-09-06T15:10:06 IST" duration-ms="109" status="PASS">
          <reporter-output>
          </reporter-output>
        </test-method> <!-- closure -->
      </class> <!-- tests.ToDoListTest -->
    </test> <!-- Default test -->
  </suite> <!-- Default suite -->
</testng-results>
