<?xml version="1.0" encoding="UTF-8"?>
<!-- Generated by org.testng.reporters.JUnitXMLReporter -->
<testsuite ignored="26" hostname="ASHWIN" failures="0" tests="83" name="tests" time="1300.524" errors="0" timestamp="2023-10-23T13:34:45 IST">
  <testcase classname="tests.TC__001_RegistrationTest" name="withoutMandatoryAllField" time="7.018"/>
  <testcase classname="tests.TC__001_RegistrationTest" name="Registration" time="8.648"/>
  <testcase classname="tests.TC__001_RegistrationTest" name="registerWithExistingDataAgain" time="4.965"/>
  <testcase classname="tests.TC__001_RegistrationTest" name="withoutConfirmUsernameField" time="6.449"/>
  <testcase classname="tests.TC__001_RegistrationTest" name="invalidConfirmUsernameField" time="2.319"/>
  <testcase classname="tests.TC__001_RegistrationTest" name="withoutAgreeTermCheckBox" time="5.766"/>
  <testcase classname="tests.TC__001_RegistrationTest" name="alreadyAnUser" time="2.742"/>
  <testcase classname="tests.TC__001_RegistrationTest" name="withClickHelp" time="5.458"/>
  <testcase classname="tests.TC__002_LoginTest" name="loginWithoutData" time="4.388"/>
  <testcase classname="tests.TC__002_LoginTest" name="loginWithoutPassword" time="3.302"/>
  <testcase classname="tests.TC__002_LoginTest" name="loginWithInvaliedPassword" time="6.241"/>
  <testcase classname="tests.TC__002_LoginTest" name="incorrectDetails" time="9.396"/>
  <testcase classname="tests.TC__002_LoginTest" name="loginwithoutRememberMe" time="10.547"/>
  <testcase classname="tests.TC__002_LoginTest" name="loginWithRememberMe" time="7.94"/>
  <testcase classname="tests.TC__003_ForgetPasswordTest" name="forgotpassword" time="5.933"/>
  <testcase classname="tests.TC__003_ForgetPasswordTest" name="BackLoginPage" time="2.683"/>
  <testcase classname="tests.TC__004_HomePageAppointmentTest" name="addAppointmentWithoutData" time="4.286"/>
  <testcase classname="tests.TC__004_HomePageAppointmentTest" name="addAppointmentWithoutVisitReason" time="9.868"/>
  <testcase classname="tests.TC__004_HomePageAppointmentTest" name="addAppointment" time="6.197"/>
  <testcase classname="tests.TC__004_HomePageAppointmentTest" name="addAppointmentwithoutContactNo" time="8.621"/>
  <testcase classname="tests.TC__004_HomePageAppointmentTest" name="EditExistingAppointment" time="13.749"/>
  <testcase classname="tests.TC__004_HomePageAppointmentTest" name="ClickSMSReminder" time="6.539"/>
  <testcase classname="tests.TC__004_HomePageAppointmentTest" name="ClickAgainSMSReminder" time="5.208"/>
  <testcase classname="tests.TC__004_HomePageAppointmentTest" name="CancelAppointment" time="4.923"/>
  <testcase classname="tests.TC__004_HomePageAppointmentTest" name="clickSMSRemainderWithoutProperDetails" time="12.277"/>
  <testcase classname="tests.TC__005_ToDoListTest" name="TodolistWithoutDueDate" time="10.701"/>
  <testcase classname="tests.TC__005_ToDoListTest" name="withoutTaskDetails" time="5.267"/>
  <testcase classname="tests.TC__005_ToDoListTest" name="toDoListWithDueDate" time="10.495"/>
  <testcase classname="tests.TC__005_ToDoListTest" name="CompletedTask" time="4.959"/>
  <testcase classname="tests.TC__005_ToDoListTest" name="viewCompletedTask" time="2.18"/>
  <testcase classname="tests.TC__005_ToDoListTest" name="viewOpenTask" time="2.192"/>
  <testcase classname="tests.TC__005_ToDoListTest" name="deleteTask" time="5.19"/>
  <testcase classname="tests.TC__006_AddPatientTest" name="AddPatientDataUploadFile" time="48.97"/>
  <testcase classname="tests.TC__006_AddPatientTest" name="resetPatientWithData" time="2.22"/>
  <testcase classname="tests.TC__006_AddPatientTest" name="withoutMandatoryAllData" time="5.499"/>
  <testcase classname="tests.TC__006_AddPatientTest" name="resetPatientWithoutData" time="2.177"/>
  <testcase classname="tests.TC__006_AddPatientTest" name="nameWithSpecialCharacter" time="4.557"/>
  <testcase classname="tests.TC__006_AddPatientTest" name="withIncorrectPhoneNo" time="4.515"/>
  <testcase classname="tests.TC__006_AddPatientTest" name="withIncorrectPhoneNumberWithSpace" time="10.54"/>
  <testcase classname="tests.TC__006_AddPatientTest" name="withIncorrectPhoneNoWithNumber0" time="10.608"/>
  <testcase classname="tests.TC__006_AddPatientTest" name="sameContactNoInEmergencyField" time="39.447"/>
  <testcase classname="tests.TC__007_PatientVisitTest" name="addNewPatientData" time="8.504"/>
  <testcase classname="tests.TC__007_PatientVisitTest" name="patientVisitWithPrimaryComplaintUpload" time="53.749"/>
  <testcase classname="tests.TC__007_PatientVisitTest" name="deleteFile" time="4.648"/>
  <testcase classname="tests.TC__007_PatientVisitTest" name="savePatientVisit" time="8.474"/>
  <testcase classname="tests.TC__007_PatientVisitTest" name="patientVisitWithoutPrimaryComplaint" time="16.338"/>
  <testcase classname="tests.TC__007_PatientVisitTest" name="followup" time="57.797"/>
  <testcase classname="tests.TC__008_ViewOrEditTest" name="deleteList" time="12.367"/>
  <testcase classname="tests.TC__008_ViewOrEditTest" name="updateContactField" time="21.732"/>
  <testcase classname="tests.TC__008_ViewOrEditTest" name="withoutAddressField" time="5.304"/>
  <testcase classname="tests.TC__008_ViewOrEditTest" name="cancelEdit" time="2.231"/>
  <testcase classname="tests.TC__009_AppointmentsCalenderTest" name="AddAppointmentsCalender" time="16.278"/>
  <testcase classname="tests.TC__009_AppointmentsCalenderTest" name="AddAppointmentWithoutVisitReason" time="15.69"/>
  <testcase classname="tests.TC__009_AppointmentsCalenderTest" name="addPatientWithoutContactNo" time="15.894"/>
  <testcase classname="tests.TC__009_AppointmentsCalenderTest" name="updateWithInvaliedData" time="14.78"/>
  <testcase classname="tests.TC__009_AppointmentsCalenderTest" name="updateAppointmentWithValidData" time="20.146"/>
  <testcase classname="tests.TC__009_AppointmentsCalenderTest" name="existingAppointmentInMonth" time="43.165"/>
  <testcase classname="tests.TC__009_AppointmentsCalenderTest" name="existingAppointmentInWeek" time="40.033"/>
  <testcase classname="tests.TC__009_AppointmentsCalenderTest" name="existingAppointmentInDay" time="61.136"/>
  <testcase classname="tests.TC__009_AppointmentsCalenderTest" name="agenda" time="23.265"/>
  <testcase classname="tests.TC__010_AddPrescriptionTest" name="withoutAddingMedicineField" time="14.613"/>
  <testcase classname="tests.TC__010_AddPrescriptionTest" name="addPrescription" time="15.744"/>
  <testcase classname="tests.TC__010_AddPrescriptionTest" name="printPrescription" time="8.225"/>
  <testcase classname="tests.TC__010_AddPrescriptionTest" name="downloadPrescriptionAgain" time="4.237"/>
  <testcase classname="tests.TC__010_AddPrescriptionTest" name="clickingBack" time="5.116"/>
  <testcase classname="tests.TC__010_AddPrescriptionTest" name="cancelAddedMedicineField" time="32.596"/>
  <testcase classname="tests.TC__010_AddPrescriptionTest" name="withInvaliedMedicineField" time="16.161"/>
  <testcase classname="tests.TC__011_ViewPrescriptionTest" name="viewPrescription" time="15.634"/>
  <testcase classname="tests.TC__011_ViewPrescriptionTest" name="patientDetails" time="11.5"/>
  <testcase classname="tests.TC__012_AddBillTest" name="saveAndprintBill" time="40.703"/>
  <testcase classname="tests.TC__012_AddBillTest" name="clickResetBtn" time="12.187"/>
  <testcase classname="tests.TC__012_AddBillTest" name="printWithoutAddingBillingItem" time="12.268"/>
  <testcase classname="tests.TC__012_AddBillTest" name="addingIncorrectBillItemDetails" time="22.279"/>
  <testcase classname="tests.TC__012_AddBillTest" name="printBill" time="16.24"/>
  <testcase classname="tests.TC__012_AddBillTest" name="downloadBill" time="9.327"/>
  <testcase classname="tests.TC__013_ViewBillTest" name="viewBill" time="13.256"/>
  <testcase classname="tests.TC__013_ViewBillTest" name="printBill" time="6.157"/>
  <testcase classname="tests.TC__013_ViewBillTest" name="downloadBill" time="6.568"/>
  <testcase classname="tests.TC__013_ViewBillTest" name="goToPatientDetails" time="11.65"/>
  <testcase classname="tests.TC__014_ReportsTest" name="PatientsTab" time="21.532"/>
  <testcase classname="tests.TC__014_ReportsTest" name="AddPatient" time="45.612"/>
  <testcase classname="tests.TC__014_ReportsTest" name="dateView" time="2.217"/>
  <testcase classname="tests.TC__014_ReportsTest" name="cancel" time="2.268"/>
  <testcase classname="genericPages.CommonMethod" name="@BeforeSuite configuration" time="0.0">
    <ignored/>
  </testcase> <!-- @BeforeSuite configuration -->
  <testcase classname="genericPages.CommonMethod" name="@BeforeSuite configuration" time="0.0">
    <ignored/>
  </testcase> <!-- @BeforeSuite configuration -->
  <testcase classname="genericPages.CommonMethod" name="@AfterSuite closure" time="0.0">
    <ignored/>
  </testcase> <!-- @AfterSuite closure -->
  <testcase classname="genericPages.CommonMethod" name="@AfterSuite closure" time="0.0">
    <ignored/>
  </testcase> <!-- @AfterSuite closure -->
  <testcase classname="genericPages.CommonMethod" name="@AfterSuite closure" time="0.0">
    <ignored/>
  </testcase> <!-- @AfterSuite closure -->
  <testcase classname="genericPages.CommonMethod" name="@BeforeSuite configuration" time="0.0">
    <ignored/>
  </testcase> <!-- @BeforeSuite configuration -->
  <testcase classname="genericPages.CommonMethod" name="@BeforeSuite configuration" time="0.0">
    <ignored/>
  </testcase> <!-- @BeforeSuite configuration -->
  <testcase classname="genericPages.CommonMethod" name="@AfterSuite closure" time="0.0">
    <ignored/>
  </testcase> <!-- @AfterSuite closure -->
  <testcase classname="genericPages.CommonMethod" name="@AfterSuite closure" time="0.0">
    <ignored/>
  </testcase> <!-- @AfterSuite closure -->
  <testcase classname="genericPages.CommonMethod" name="@BeforeSuite configuration" time="0.0">
    <ignored/>
  </testcase> <!-- @BeforeSuite configuration -->
  <testcase classname="genericPages.CommonMethod" name="@AfterSuite closure" time="0.0">
    <ignored/>
  </testcase> <!-- @AfterSuite closure -->
  <testcase classname="genericPages.CommonMethod" name="@BeforeSuite configuration" time="0.0">
    <ignored/>
  </testcase> <!-- @BeforeSuite configuration -->
  <testcase classname="genericPages.CommonMethod" name="@BeforeSuite configuration" time="0.0">
    <ignored/>
  </testcase> <!-- @BeforeSuite configuration -->
  <testcase classname="genericPages.CommonMethod" name="@AfterSuite closure" time="0.0">
    <ignored/>
  </testcase> <!-- @AfterSuite closure -->
  <testcase classname="genericPages.CommonMethod" name="@AfterSuite closure" time="0.0">
    <ignored/>
  </testcase> <!-- @AfterSuite closure -->
  <testcase classname="genericPages.CommonMethod" name="@AfterSuite closure" time="0.0">
    <ignored/>
  </testcase> <!-- @AfterSuite closure -->
  <testcase classname="genericPages.CommonMethod" name="@BeforeSuite configuration" time="0.0">
    <ignored/>
  </testcase> <!-- @BeforeSuite configuration -->
  <testcase classname="genericPages.CommonMethod" name="@AfterSuite closure" time="0.0">
    <ignored/>
  </testcase> <!-- @AfterSuite closure -->
  <testcase classname="genericPages.CommonMethod" name="@BeforeSuite configuration" time="0.0">
    <ignored/>
  </testcase> <!-- @BeforeSuite configuration -->
  <testcase classname="genericPages.CommonMethod" name="@BeforeSuite configuration" time="0.0">
    <ignored/>
  </testcase> <!-- @BeforeSuite configuration -->
  <testcase classname="genericPages.CommonMethod" name="@AfterSuite closure" time="0.0">
    <ignored/>
  </testcase> <!-- @AfterSuite closure -->
  <testcase classname="genericPages.CommonMethod" name="@AfterSuite closure" time="0.0">
    <ignored/>
  </testcase> <!-- @AfterSuite closure -->
  <testcase classname="genericPages.CommonMethod" name="@AfterSuite closure" time="0.0">
    <ignored/>
  </testcase> <!-- @AfterSuite closure -->
  <testcase classname="genericPages.CommonMethod" name="@BeforeSuite configuration" time="0.0">
    <ignored/>
  </testcase> <!-- @BeforeSuite configuration -->
  <testcase classname="genericPages.CommonMethod" name="@BeforeSuite configuration" time="0.0">
    <ignored/>
  </testcase> <!-- @BeforeSuite configuration -->
  <testcase classname="genericPages.CommonMethod" name="@BeforeSuite configuration" time="0.0">
    <ignored/>
  </testcase> <!-- @BeforeSuite configuration -->
</testsuite> <!-- tests -->
